<?xml version="1.0" encoding="UTF-8"?>
<testng-results skipped="0" failed="0" ignored="0" total="10" passed="10">
  <reporter-output>
  </reporter-output>
  <suite name="Suite" duration-ms="119485" started-at="2025-04-13T07:48:05Z" finished-at="2025-04-13T07:50:04Z">
    <groups>
      <group name="cucumber">
        <method signature="AbstractTestNGCucumberTests.runScenario(io.cucumber.testng.PickleWrapper, io.cucumber.testng.FeatureWrapper)[pri:0, instance:org.runner.TestRunner@149dace]" name="runScenario" class="io.cucumber.testng.AbstractTestNGCucumberTests"/>
      </group> <!-- cucumber -->
    </groups>
    <test name="Test" duration-ms="119485" started-at="2025-04-13T07:48:05Z" finished-at="2025-04-13T07:50:04Z">
      <class name="org.utils.SuiteSetup">
        <test-method status="PASS" signature="beforeSuite()[pri:0, instance:org.utils.SuiteSetup@1a5c39e]" name="beforeSuite" is-config="true" duration-ms="10799" started-at="2025-04-13T07:47:54Z" finished-at="2025-04-13T07:48:05Z">
          <reporter-output>
          </reporter-output>
        </test-method> <!-- beforeSuite -->
        <test-method status="PASS" signature="afterSuite()[pri:0, instance:org.utils.SuiteSetup@1a5c39e]" name="afterSuite" is-config="true" duration-ms="1170" started-at="2025-04-13T07:50:04Z" finished-at="2025-04-13T07:50:06Z">
          <reporter-output>
          </reporter-output>
        </test-method> <!-- afterSuite -->
      </class> <!-- org.utils.SuiteSetup -->
      <class name="org.runner.TestRunner">
        <test-method status="PASS" signature="setUpClass()[pri:0, instance:org.runner.TestRunner@149dace]" name="setUpClass" is-config="true" duration-ms="1099" started-at="2025-04-13T07:48:05Z" finished-at="2025-04-13T07:48:06Z">
          <reporter-output>
          </reporter-output>
        </test-method> <!-- setUpClass -->
        <test-method status="PASS" signature="runScenario(io.cucumber.testng.PickleWrapper, io.cucumber.testng.FeatureWrapper)[pri:0, instance:org.runner.TestRunner@149dace]" name="runScenario" duration-ms="6836" started-at="2025-04-13T07:48:06Z" description="Runs Cucumber Scenarios" data-provider="scenarios" finished-at="2025-04-13T07:48:13Z">
          <params>
            <param index="0">
              <value>
                <![CDATA["To valid the login Functionality with valid credentials"]]>
              </value>
            </param>
            <param index="1">
              <value>
                <![CDATA["Optional[To vaild the login functionality of OpenMRS]"]]>
              </value>
            </param>
          </params>
          <reporter-output>
          </reporter-output>
        </test-method> <!-- runScenario -->
        <test-method status="PASS" signature="runScenario(io.cucumber.testng.PickleWrapper, io.cucumber.testng.FeatureWrapper)[pri:0, instance:org.runner.TestRunner@149dace]" name="runScenario" duration-ms="6011" started-at="2025-04-13T07:48:13Z" description="Runs Cucumber Scenarios" data-provider="scenarios" finished-at="2025-04-13T07:48:19Z">
          <params>
            <param index="0">
              <value>
                <![CDATA["Verify the dashboard after logging in with valid credentials"]]>
              </value>
            </param>
            <param index="1">
              <value>
                <![CDATA["Optional[Validate the dashboard page]"]]>
              </value>
            </param>
          </params>
          <reporter-output>
          </reporter-output>
        </test-method> <!-- runScenario -->
        <test-method status="PASS" signature="runScenario(io.cucumber.testng.PickleWrapper, io.cucumber.testng.FeatureWrapper)[pri:0, instance:org.runner.TestRunner@149dace]" name="runScenario" duration-ms="5938" started-at="2025-04-13T07:48:19Z" description="Runs Cucumber Scenarios" data-provider="scenarios" finished-at="2025-04-13T07:48:25Z">
          <params>
            <param index="0">
              <value>
                <![CDATA["Validate the register a patient with demographic and contact information"]]>
              </value>
            </param>
            <param index="1">
              <value>
                <![CDATA["Optional[The user Register a new patient in OpenMRS]"]]>
              </value>
            </param>
          </params>
          <reporter-output>
          </reporter-output>
        </test-method> <!-- runScenario -->
        <test-method status="PASS" signature="runScenario(io.cucumber.testng.PickleWrapper, io.cucumber.testng.FeatureWrapper)[pri:0, instance:org.runner.TestRunner@149dace]" name="runScenario" duration-ms="11252" started-at="2025-04-13T07:48:25Z" description="Runs Cucumber Scenarios" data-provider="scenarios" finished-at="2025-04-13T07:48:36Z">
          <params>
            <param index="0">
              <value>
                <![CDATA["Verify patient age is correctly"]]>
              </value>
            </param>
            <param index="1">
              <value>
                <![CDATA["Optional[To validate the patient age in system based]"]]>
              </value>
            </param>
          </params>
          <reporter-output>
          </reporter-output>
        </test-method> <!-- runScenario -->
        <test-method status="PASS" signature="runScenario(io.cucumber.testng.PickleWrapper, io.cucumber.testng.FeatureWrapper)[pri:0, instance:org.runner.TestRunner@149dace]" name="runScenario" duration-ms="22524" started-at="2025-04-13T07:48:36Z" description="Runs Cucumber Scenarios" data-provider="scenarios" finished-at="2025-04-13T07:48:59Z">
          <params>
            <param index="0">
              <value>
                <![CDATA["Uploading a valid attachment"]]>
              </value>
            </param>
            <param index="1">
              <value>
                <![CDATA["Optional[Upload patient Attachement]"]]>
              </value>
            </param>
          </params>
          <reporter-output>
          </reporter-output>
        </test-method> <!-- runScenario -->
        <test-method status="PASS" signature="runScenario(io.cucumber.testng.PickleWrapper, io.cucumber.testng.FeatureWrapper)[pri:0, instance:org.runner.TestRunner@149dace]" name="runScenario" duration-ms="5149" started-at="2025-04-13T07:48:59Z" description="Runs Cucumber Scenarios" data-provider="scenarios" finished-at="2025-04-13T07:49:04Z">
          <params>
            <param index="0">
              <value>
                <![CDATA["Verify uploaded attachment and recent visit entry"]]>
              </value>
            </param>
            <param index="1">
              <value>
                <![CDATA["Optional[Patient Attachment uploaded Verification]"]]>
              </value>
            </param>
          </params>
          <reporter-output>
          </reporter-output>
        </test-method> <!-- runScenario -->
        <test-method status="PASS" signature="runScenario(io.cucumber.testng.PickleWrapper, io.cucumber.testng.FeatureWrapper)[pri:0, instance:org.runner.TestRunner@149dace]" name="runScenario" duration-ms="33285" started-at="2025-04-13T07:49:04Z" description="Runs Cucumber Scenarios" data-provider="scenarios" finished-at="2025-04-13T07:49:37Z">
          <params>
            <param index="0">
              <value>
                <![CDATA["Calculate and verify BMI after entering height and weight"]]>
              </value>
            </param>
            <param index="1">
              <value>
                <![CDATA["Optional[BMI Calculation in Patient Vitals]"]]>
              </value>
            </param>
          </params>
          <reporter-output>
          </reporter-output>
        </test-method> <!-- runScenario -->
        <test-method status="PASS" signature="runScenario(io.cucumber.testng.PickleWrapper, io.cucumber.testng.FeatureWrapper)[pri:0, instance:org.runner.TestRunner@149dace]" name="runScenario" duration-ms="14495" started-at="2025-04-13T07:49:37Z" description="Runs Cucumber Scenarios" data-provider="scenarios" finished-at="2025-04-13T07:49:52Z">
          <params>
            <param index="0">
              <value>
                <![CDATA["Merge visits and verify recent visit tags"]]>
              </value>
            </param>
            <param index="1">
              <value>
                <![CDATA["Optional[Manage and Verify Patient Visits]"]]>
              </value>
            </param>
          </params>
          <reporter-output>
          </reporter-output>
        </test-method> <!-- runScenario -->
        <test-method status="PASS" signature="runScenario(io.cucumber.testng.PickleWrapper, io.cucumber.testng.FeatureWrapper)[pri:0, instance:org.runner.TestRunner@149dace]" name="runScenario" duration-ms="3710" started-at="2025-04-13T07:49:52Z" description="Runs Cucumber Scenarios" data-provider="scenarios" finished-at="2025-04-13T07:49:55Z">
          <params>
            <param index="0">
              <value>
                <![CDATA["Add past visit and verify future dates are not selectable"]]>
              </value>
            </param>
            <param index="1">
              <value>
                <![CDATA["Optional[Manage and Verify Patient Visits]"]]>
              </value>
            </param>
          </params>
          <reporter-output>
          </reporter-output>
        </test-method> <!-- runScenario -->
        <test-method status="PASS" signature="runScenario(io.cucumber.testng.PickleWrapper, io.cucumber.testng.FeatureWrapper)[pri:0, instance:org.runner.TestRunner@149dace]" name="runScenario" duration-ms="8849" started-at="2025-04-13T07:49:55Z" description="Runs Cucumber Scenarios" data-provider="scenarios" finished-at="2025-04-13T07:50:04Z">
          <params>
            <param index="0">
              <value>
                <![CDATA["Delete a patient and ensure the patient is no longer listed"]]>
              </value>
            </param>
            <param index="1">
              <value>
                <![CDATA["Optional[Delete Patient Record and Verify Deletion]"]]>
              </value>
            </param>
          </params>
          <reporter-output>
          </reporter-output>
        </test-method> <!-- runScenario -->
        <test-method status="PASS" signature="tearDownClass()[pri:0, instance:org.runner.TestRunner@149dace]" name="tearDownClass" is-config="true" duration-ms="263" started-at="2025-04-13T07:50:04Z" finished-at="2025-04-13T07:50:04Z">
          <reporter-output>
          </reporter-output>
        </test-method> <!-- tearDownClass -->
      </class> <!-- org.runner.TestRunner -->
    </test> <!-- Test -->
  </suite> <!-- Suite -->
</testng-results>
