<?xml version="1.0" encoding="UTF-8"?>
<testng-results skipped="0" failed="0" ignored="0" total="10" passed="10">
  <reporter-output>
  </reporter-output>
  <suite name="Suite" duration-ms="148628" started-at="2025-04-21T01:13:13Z" finished-at="2025-04-21T01:15:42Z">
    <groups>
      <group name="cucumber">
        <method signature="AbstractTestNGCucumberTests.runScenario(io.cucumber.testng.PickleWrapper, io.cucumber.testng.FeatureWrapper)[pri:0, instance:org.runner.TestRunner@149dace]" name="runScenario" class="io.cucumber.testng.AbstractTestNGCucumberTests"/>
      </group> <!-- cucumber -->
    </groups>
    <test name="Test" duration-ms="148628" started-at="2025-04-21T01:13:13Z" finished-at="2025-04-21T01:15:42Z">
      <class name="org.utils.SuiteSetup">
        <test-method status="PASS" signature="beforeSuite()[pri:0, instance:org.utils.SuiteSetup@1a5c39e]" name="beforeSuite" is-config="true" duration-ms="11101" started-at="2025-04-21T01:13:02Z" finished-at="2025-04-21T01:13:13Z">
          <reporter-output>
          </reporter-output>
        </test-method> <!-- beforeSuite -->
        <test-method status="PASS" signature="afterSuite()[pri:0, instance:org.utils.SuiteSetup@1a5c39e]" name="afterSuite" is-config="true" duration-ms="1004" started-at="2025-04-21T01:15:42Z" finished-at="2025-04-21T01:15:43Z">
          <reporter-output>
          </reporter-output>
        </test-method> <!-- afterSuite -->
      </class> <!-- org.utils.SuiteSetup -->
      <class name="org.runner.TestRunner">
        <test-method status="PASS" signature="setUpClass()[pri:0, instance:org.runner.TestRunner@149dace]" name="setUpClass" is-config="true" duration-ms="991" started-at="2025-04-21T01:13:13Z" finished-at="2025-04-21T01:13:14Z">
          <reporter-output>
          </reporter-output>
        </test-method> <!-- setUpClass -->
        <test-method status="PASS" signature="runScenario(io.cucumber.testng.PickleWrapper, io.cucumber.testng.FeatureWrapper)[pri:0, instance:org.runner.TestRunner@149dace]" name="runScenario" duration-ms="5665" started-at="2025-04-21T01:13:14Z" description="Runs Cucumber Scenarios" data-provider="scenarios" finished-at="2025-04-21T01:13:20Z">
          <params>
            <param index="0">
              <value>
                <![CDATA["To valid the login Functionality with valid credentials"]]>
              </value>
            </param>
            <param index="1">
              <value>
                <![CDATA["Optional[To vaild the login functionality of OpenMRS]"]]>
              </value>
            </param>
          </params>
          <reporter-output>
          </reporter-output>
        </test-method> <!-- runScenario -->
        <test-method status="PASS" signature="runScenario(io.cucumber.testng.PickleWrapper, io.cucumber.testng.FeatureWrapper)[pri:0, instance:org.runner.TestRunner@149dace]" name="runScenario" duration-ms="11367" started-at="2025-04-21T01:13:20Z" description="Runs Cucumber Scenarios" data-provider="scenarios" finished-at="2025-04-21T01:13:31Z">
          <params>
            <param index="0">
              <value>
                <![CDATA["Verify the dashboard after logging in with valid credentials"]]>
              </value>
            </param>
            <param index="1">
              <value>
                <![CDATA["Optional[Validate the dashboard page]"]]>
              </value>
            </param>
          </params>
          <reporter-output>
          </reporter-output>
        </test-method> <!-- runScenario -->
        <test-method status="PASS" signature="runScenario(io.cucumber.testng.PickleWrapper, io.cucumber.testng.FeatureWrapper)[pri:0, instance:org.runner.TestRunner@149dace]" name="runScenario" duration-ms="4070" started-at="2025-04-21T01:13:31Z" description="Runs Cucumber Scenarios" data-provider="scenarios" finished-at="2025-04-21T01:13:35Z">
          <params>
            <param index="0">
              <value>
                <![CDATA["Validate the register a patient with demographic and contact information"]]>
              </value>
            </param>
            <param index="1">
              <value>
                <![CDATA["Optional[The user Register a new patient in OpenMRS]"]]>
              </value>
            </param>
          </params>
          <reporter-output>
          </reporter-output>
        </test-method> <!-- runScenario -->
        <test-method status="PASS" signature="runScenario(io.cucumber.testng.PickleWrapper, io.cucumber.testng.FeatureWrapper)[pri:0, instance:org.runner.TestRunner@149dace]" name="runScenario" duration-ms="15129" started-at="2025-04-21T01:13:35Z" description="Runs Cucumber Scenarios" data-provider="scenarios" finished-at="2025-04-21T01:13:50Z">
          <params>
            <param index="0">
              <value>
                <![CDATA["Verify patient age is correctly"]]>
              </value>
            </param>
            <param index="1">
              <value>
                <![CDATA["Optional[To validate the patient age in system based]"]]>
              </value>
            </param>
          </params>
          <reporter-output>
          </reporter-output>
        </test-method> <!-- runScenario -->
        <test-method status="PASS" signature="runScenario(io.cucumber.testng.PickleWrapper, io.cucumber.testng.FeatureWrapper)[pri:0, instance:org.runner.TestRunner@149dace]" name="runScenario" duration-ms="34689" started-at="2025-04-21T01:13:50Z" description="Runs Cucumber Scenarios" data-provider="scenarios" finished-at="2025-04-21T01:14:25Z">
          <params>
            <param index="0">
              <value>
                <![CDATA["Uploading a valid attachment"]]>
              </value>
            </param>
            <param index="1">
              <value>
                <![CDATA["Optional[Upload patient Attachement]"]]>
              </value>
            </param>
          </params>
          <reporter-output>
          </reporter-output>
        </test-method> <!-- runScenario -->
        <test-method status="PASS" signature="runScenario(io.cucumber.testng.PickleWrapper, io.cucumber.testng.FeatureWrapper)[pri:0, instance:org.runner.TestRunner@149dace]" name="runScenario" duration-ms="8642" started-at="2025-04-21T01:14:25Z" description="Runs Cucumber Scenarios" data-provider="scenarios" finished-at="2025-04-21T01:14:34Z">
          <params>
            <param index="0">
              <value>
                <![CDATA["Verify uploaded attachment and recent visit entry"]]>
              </value>
            </param>
            <param index="1">
              <value>
                <![CDATA["Optional[Patient Attachment uploaded Verification]"]]>
              </value>
            </param>
          </params>
          <reporter-output>
          </reporter-output>
        </test-method> <!-- runScenario -->
        <test-method status="PASS" signature="runScenario(io.cucumber.testng.PickleWrapper, io.cucumber.testng.FeatureWrapper)[pri:0, instance:org.runner.TestRunner@149dace]" name="runScenario" duration-ms="37028" started-at="2025-04-21T01:14:34Z" description="Runs Cucumber Scenarios" data-provider="scenarios" finished-at="2025-04-21T01:15:11Z">
          <params>
            <param index="0">
              <value>
                <![CDATA["Calculate and verify BMI after entering height and weight"]]>
              </value>
            </param>
            <param index="1">
              <value>
                <![CDATA["Optional[BMI Calculation in Patient Vitals]"]]>
              </value>
            </param>
          </params>
          <reporter-output>
          </reporter-output>
        </test-method> <!-- runScenario -->
        <test-method status="PASS" signature="runScenario(io.cucumber.testng.PickleWrapper, io.cucumber.testng.FeatureWrapper)[pri:0, instance:org.runner.TestRunner@149dace]" name="runScenario" duration-ms="16347" started-at="2025-04-21T01:15:11Z" description="Runs Cucumber Scenarios" data-provider="scenarios" finished-at="2025-04-21T01:15:27Z">
          <params>
            <param index="0">
              <value>
                <![CDATA["Merge visits and verify recent visit tags"]]>
              </value>
            </param>
            <param index="1">
              <value>
                <![CDATA["Optional[Manage and Verify Patient Visits]"]]>
              </value>
            </param>
          </params>
          <reporter-output>
          </reporter-output>
        </test-method> <!-- runScenario -->
        <test-method status="PASS" signature="runScenario(io.cucumber.testng.PickleWrapper, io.cucumber.testng.FeatureWrapper)[pri:0, instance:org.runner.TestRunner@149dace]" name="runScenario" duration-ms="7965" started-at="2025-04-21T01:15:27Z" description="Runs Cucumber Scenarios" data-provider="scenarios" finished-at="2025-04-21T01:15:35Z">
          <params>
            <param index="0">
              <value>
                <![CDATA["Add past visit and verify future dates are not selectable"]]>
              </value>
            </param>
            <param index="1">
              <value>
                <![CDATA["Optional[Manage and Verify Patient Visits]"]]>
              </value>
            </param>
          </params>
          <reporter-output>
          </reporter-output>
        </test-method> <!-- runScenario -->
        <test-method status="PASS" signature="runScenario(io.cucumber.testng.PickleWrapper, io.cucumber.testng.FeatureWrapper)[pri:0, instance:org.runner.TestRunner@149dace]" name="runScenario" duration-ms="6336" started-at="2025-04-21T01:15:35Z" description="Runs Cucumber Scenarios" data-provider="scenarios" finished-at="2025-04-21T01:15:41Z">
          <params>
            <param index="0">
              <value>
                <![CDATA["Delete a patient and ensure the patient is no longer listed"]]>
              </value>
            </param>
            <param index="1">
              <value>
                <![CDATA["Optional[Delete Patient Record and Verify Deletion]"]]>
              </value>
            </param>
          </params>
          <reporter-output>
          </reporter-output>
        </test-method> <!-- runScenario -->
        <test-method status="PASS" signature="tearDownClass()[pri:0, instance:org.runner.TestRunner@149dace]" name="tearDownClass" is-config="true" duration-ms="329" started-at="2025-04-21T01:15:41Z" finished-at="2025-04-21T01:15:42Z">
          <reporter-output>
          </reporter-output>
        </test-method> <!-- tearDownClass -->
      </class> <!-- org.runner.TestRunner -->
    </test> <!-- Test -->
  </suite> <!-- Suite -->
</testng-results>
